Arguments: 
  /usr/local/bin/node /Users/mac/.node/corepack/yarn/1.22.19/bin/yarn.js add express jsonwebtoken joi cors config mongoose

PATH: 
  /usr/local/bin:/usr/bin:/bin:/usr/sbin:/sbin

Yarn version: 
  1.22.19

Node version: 
  16.17.0

Platform: 
  darwin x64

Trace: 
  Error: getaddrinfo ENOTFOUND registry.yarnpkg.com
      at GetAddrInfoReqWrap.onlookup [as oncomplete] (node:dns:109:26)

npm manifest: 
  {
    "name": "token_based_auth",
    "version": "1.0.0",
    "description": "A token based authentication and authorization",
    "main": "index.js",
    "author": "salissadiq",
    "license": "MIT"
  }

yarn manifest: 
  No manifest

Lockfile: 
  No lockfile
